<?xml version="1.0" encoding="UTF-8"?>
<!-- Generated by org.testng.reporters.JUnitXMLReporter -->
<testsuite ignored="0" hostname="NETWIN-PC63" failures="0" tests="4" name="Default test" time="22.39" errors="0" timestamp="25 Apr 2018 06:31:40 GMT">
  <testcase classname="com.gtkv1qa.testcases.LoginPageTest" name="GTKLogoImageTestonLoginPage" time="0.079"/>
  <testcase classname="com.gtkv1qa.testcases.LoginPageTest" name="LoginTest" time="6.484"/>
  <testcase classname="com.gtkv1qa.testcases.LoginPageTest" name="GTKLogoTestAfterLogin" time="1.713"/>
  <testcase classname="com.gtkv1qa.testcases.LoginPageTest" name="Logout" time="2.981"/>
</testsuite> <!-- Default test -->
