<?xml version="1.0" encoding="UTF-8"?>
<!-- Generated by org.testng.reporters.JUnitXMLReporter -->
<testsuite ignored="0" hostname="NETWIN-PC63" failures="0" tests="4" name="Default test" time="20.191" errors="0" timestamp="24 Apr 2018 06:53:39 GMT">
  <testcase classname="com.gtkv1qa.testcases.LoginPageTest" name="GTKLogoImageTestonLoginPage" time="0.088"/>
  <testcase classname="com.gtkv1qa.testcases.LoginPageTest" name="LoginTest" time="6.466"/>
  <testcase classname="com.gtkv1qa.testcases.LoginPageTest" name="GTKLogoTestAfterLogin" time="1.431"/>
  <testcase classname="com.gtkv1qa.testcases.LoginPageTest" name="Logout" time="2.94"/>
</testsuite> <!-- Default test -->
