<?xml version="1.0" encoding="UTF-8"?>
<testng-results ignored="0" total="4" passed="4" failed="0" skipped="0">
  <reporter-output>
  </reporter-output>
  <suite started-at="2018-04-24T06:53:18Z" name="Default suite" finished-at="2018-04-24T06:53:39Z" duration-ms="20191">
    <groups>
    </groups>
    <test started-at="2018-04-24T06:53:18Z" name="Default test" finished-at="2018-04-24T06:53:39Z" duration-ms="20191">
      <class name="com.gtkv1qa.testcases.LoginPageTest">
        <test-method is-config="true" signature="Setup()[pri:0, instance:com.gtkv1qa.testcases.LoginPageTest@7c37508a]" started-at="2018-04-24T06:53:19Z" name="Setup" finished-at="2018-04-24T06:53:27Z" duration-ms="8414" status="PASS">
          <reporter-output>
          </reporter-output>
        </test-method> <!-- Setup -->
        <test-method signature="GTKLogoImageTestonLoginPage()[pri:1, instance:com.gtkv1qa.testcases.LoginPageTest@7c37508a]" started-at="2018-04-24T06:53:27Z" name="GTKLogoImageTestonLoginPage" finished-at="2018-04-24T06:53:27Z" duration-ms="88" status="PASS">
          <reporter-output>
          </reporter-output>
        </test-method> <!-- GTKLogoImageTestonLoginPage -->
        <test-method signature="LoginTest(java.lang.String, java.lang.String, java.lang.String, java.lang.String, java.lang.String, java.lang.String)[pri:2, instance:com.gtkv1qa.testcases.LoginPageTest@7c37508a]" started-at="2018-04-24T06:53:28Z" name="LoginTest" data-provider="GTKLoginusers" finished-at="2018-04-24T06:53:34Z" duration-ms="6466" status="PASS">
          <params>
            <param index="0">
              <value>
                <![CDATA[netwin]]>
              </value>
            </param>
            <param index="1">
              <value>
                <![CDATA[newin]]>
              </value>
            </param>
            <param index="2">
              <value>
                <![CDATA[netwin]]>
              </value>
            </param>
            <param index="3">
              <value>
                <![CDATA[newin]]>
              </value>
            </param>
            <param index="4">
              <value>
                <![CDATA[netwin]]>
              </value>
            </param>
            <param index="5">
              <value>
                <![CDATA[newin]]>
              </value>
            </param>
          </params>
          <reporter-output>
          </reporter-output>
        </test-method> <!-- LoginTest -->
        <test-method signature="GTKLogoTestAfterLogin()[pri:3, instance:com.gtkv1qa.testcases.LoginPageTest@7c37508a]" started-at="2018-04-24T06:53:34Z" name="GTKLogoTestAfterLogin" finished-at="2018-04-24T06:53:36Z" duration-ms="1431" status="PASS">
          <reporter-output>
          </reporter-output>
        </test-method> <!-- GTKLogoTestAfterLogin -->
        <test-method signature="Logout()[pri:4, instance:com.gtkv1qa.testcases.LoginPageTest@7c37508a]" started-at="2018-04-24T06:53:36Z" name="Logout" finished-at="2018-04-24T06:53:39Z" duration-ms="2940" status="PASS">
          <reporter-output>
          </reporter-output>
        </test-method> <!-- Logout -->
        <test-method is-config="true" signature="tearDown()[pri:0, instance:com.gtkv1qa.testcases.LoginPageTest@7c37508a]" started-at="2018-04-24T06:53:39Z" name="tearDown" finished-at="2018-04-24T06:53:39Z" duration-ms="0" status="PASS">
          <reporter-output>
          </reporter-output>
        </test-method> <!-- tearDown -->
      </class> <!-- com.gtkv1qa.testcases.LoginPageTest -->
    </test> <!-- Default test -->
  </suite> <!-- Default suite -->
</testng-results>
